[echo -n] works
Configuring for [libqalculatenasc]
Looking for cpp
CPP=[/lib/cpp], CPPFLAGS=[]
looking for install
 (/usr/bin/install)
checking out the C compiler
ngc18600.c:2:1: warning: return type defaults to ‘int’ [-Wimplicit-int]
 main()
 ^
defining WORD & DWORD scalar types
ngc18600.c: In function ‘main’:
ngc18600.c:28:2: warning: implicit declaration of function ‘exit’ [-Wimplicit-function-declaration]
  exit(1);
  ^
ngc18600.c:28:2: warning: incompatible implicit declaration of built-in function ‘exit’
ngc18600.c:28:2: note: include ‘<stdlib.h>’ or provide a declaration of ‘exit’
ngc18600.c:35:2: warning: incompatible implicit declaration of built-in function ‘exit’
  exit(2);
  ^
ngc18600.c:35:2: note: include ‘<stdlib.h>’ or provide a declaration of ‘exit’
ngc18600.c:37:5: warning: incompatible implicit declaration of built-in function ‘exit’
     exit(0);
     ^
ngc18600.c:37:5: note: include ‘<stdlib.h>’ or provide a declaration of ‘exit’
looking for header libgen.h
find is /usr/bin/find
/bin/ln exists, and ln -s works
/home/pa/Projekte/nascOrg/libqalculatenasc/configure.sh: 973: /home/pa/Projekte/nascOrg/libqalculatenasc/configure.sh: AC: not found
sed is /bin/sed
generating Makefile
